{"level":"info","message":"Starting Nest application...","timestamp":"2024-08-13T10:40:46.331Z"}
{"level":"info","message":"NestjsJsonRpcModule dependencies initialized","timestamp":"2024-08-13T10:40:46.341Z"}
{"level":"info","message":"BlockModule dependencies initialized","timestamp":"2024-08-13T10:40:46.341Z"}
{"level":"info","message":"TxModule dependencies initialized","timestamp":"2024-08-13T10:40:46.341Z"}
{"level":"info","message":"RouterModule dependencies initialized","timestamp":"2024-08-13T10:40:46.341Z"}
{"level":"info","message":"UtilModule dependencies initialized","timestamp":"2024-08-13T10:40:46.342Z"}
{"level":"info","message":"AppModule dependencies initialized","timestamp":"2024-08-13T10:40:46.342Z"}
{"level":"info","message":"HttpTransportModule dependencies initialized","timestamp":"2024-08-13T10:40:46.342Z"}
{"level":"info","message":"JsonRpcController {/rpc}:","timestamp":"2024-08-13T10:40:46.349Z"}
{"level":"info","message":"Mapped {/rpc, POST} route","timestamp":"2024-08-13T10:40:46.350Z"}
{"level":"info","message":"Nest application successfully started","timestamp":"2024-08-13T10:40:46.441Z"}
{"level":"info","message":"Starting Nest application...","timestamp":"2024-08-13T10:43:03.094Z"}
{"level":"info","message":"NestjsJsonRpcModule dependencies initialized","timestamp":"2024-08-13T10:43:03.395Z"}
{"level":"info","message":"BlockModule dependencies initialized","timestamp":"2024-08-13T10:43:03.400Z"}
{"level":"info","message":"TxModule dependencies initialized","timestamp":"2024-08-13T10:43:03.400Z"}
{"level":"info","message":"RouterModule dependencies initialized","timestamp":"2024-08-13T10:43:03.401Z"}
{"level":"info","message":"UtilModule dependencies initialized","timestamp":"2024-08-13T10:43:03.401Z"}
{"level":"info","message":"AppModule dependencies initialized","timestamp":"2024-08-13T10:43:03.402Z"}
{"level":"info","message":"HttpTransportModule dependencies initialized","timestamp":"2024-08-13T10:43:03.402Z"}
{"level":"info","message":"JsonRpcController {/rpc}:","timestamp":"2024-08-13T10:43:03.418Z"}
{"level":"info","message":"Mapped {/rpc, POST} route","timestamp":"2024-08-13T10:43:03.420Z"}
{"level":"info","message":"Nest application successfully started","timestamp":"2024-08-13T10:43:03.470Z"}
{"level":"info","message":"Starting Nest application...","timestamp":"2024-08-14T15:25:06.010Z"}
{"level":"info","message":"NestjsJsonRpcModule dependencies initialized","timestamp":"2024-08-14T15:25:06.437Z"}
{"level":"info","message":"BlockModule dependencies initialized","timestamp":"2024-08-14T15:25:06.448Z"}
{"level":"info","message":"TxModule dependencies initialized","timestamp":"2024-08-14T15:25:06.448Z"}
{"level":"info","message":"RouterModule dependencies initialized","timestamp":"2024-08-14T15:25:06.448Z"}
{"level":"info","message":"UtilModule dependencies initialized","timestamp":"2024-08-14T15:25:06.449Z"}
{"level":"info","message":"AppModule dependencies initialized","timestamp":"2024-08-14T15:25:06.449Z"}
{"level":"info","message":"HttpTransportModule dependencies initialized","timestamp":"2024-08-14T15:25:06.449Z"}
{"level":"info","message":"JsonRpcController {/rpc}:","timestamp":"2024-08-14T15:25:06.465Z"}
{"level":"info","message":"Mapped {/rpc, POST} route","timestamp":"2024-08-14T15:25:06.468Z"}
{"level":"info","message":"Nest application successfully started","timestamp":"2024-08-14T15:25:06.584Z"}
{"level":"info","message":"Starting Nest application...","timestamp":"2024-08-14T15:26:46.179Z"}
{"level":"info","message":"NestjsJsonRpcModule dependencies initialized","timestamp":"2024-08-14T15:26:46.814Z"}
{"level":"info","message":"BlockModule dependencies initialized","timestamp":"2024-08-14T15:26:46.825Z"}
{"level":"info","message":"TxModule dependencies initialized","timestamp":"2024-08-14T15:26:46.826Z"}
{"level":"info","message":"RouterModule dependencies initialized","timestamp":"2024-08-14T15:26:46.827Z"}
{"level":"info","message":"UtilModule dependencies initialized","timestamp":"2024-08-14T15:26:46.827Z"}
{"level":"info","message":"AppModule dependencies initialized","timestamp":"2024-08-14T15:26:46.828Z"}
{"level":"info","message":"HttpTransportModule dependencies initialized","timestamp":"2024-08-14T15:26:46.828Z"}
{"level":"info","message":"JsonRpcController {/rpc}:","timestamp":"2024-08-14T15:26:46.840Z"}
{"level":"info","message":"Mapped {/rpc, POST} route","timestamp":"2024-08-14T15:26:46.842Z"}
{"level":"info","message":"Nest application successfully started","timestamp":"2024-08-14T15:26:46.961Z"}
{"level":"info","message":"Starting Nest application...","timestamp":"2024-09-13T09:27:10.993Z"}
{"level":"info","message":"NestjsJsonRpcModule dependencies initialized","timestamp":"2024-09-13T09:27:11.347Z"}
{"level":"info","message":"BlockModule dependencies initialized","timestamp":"2024-09-13T09:27:11.350Z"}
{"level":"info","message":"TxModule dependencies initialized","timestamp":"2024-09-13T09:27:11.350Z"}
{"level":"info","message":"RouterModule dependencies initialized","timestamp":"2024-09-13T09:27:11.350Z"}
{"level":"info","message":"UtilModule dependencies initialized","timestamp":"2024-09-13T09:27:11.350Z"}
{"level":"info","message":"HttpTransportModule dependencies initialized","timestamp":"2024-09-13T09:27:11.350Z"}
{"level":"info","message":"AppModule dependencies initialized","timestamp":"2024-09-13T09:27:11.351Z"}
{"level":"info","message":"HealthController {/health}:","timestamp":"2024-09-13T09:27:11.373Z"}
{"level":"info","message":"Mapped {/health, GET} route","timestamp":"2024-09-13T09:27:11.375Z"}
{"level":"info","message":"JsonRpcController {/rpc}:","timestamp":"2024-09-13T09:27:11.376Z"}
{"level":"info","message":"Mapped {/rpc, POST} route","timestamp":"2024-09-13T09:27:11.376Z"}
{"level":"info","message":"Nest application successfully started","timestamp":"2024-09-13T09:27:11.456Z"}
{"level":"info","message":"Starting Nest application...","timestamp":"2024-09-17T14:01:19.620Z"}
{"level":"info","message":"NestjsJsonRpcModule dependencies initialized","timestamp":"2024-09-17T14:01:20.014Z"}
{"level":"info","message":"BlockModule dependencies initialized","timestamp":"2024-09-17T14:01:20.026Z"}
{"level":"info","message":"TxModule dependencies initialized","timestamp":"2024-09-17T14:01:20.026Z"}
{"level":"info","message":"RouterModule dependencies initialized","timestamp":"2024-09-17T14:01:20.027Z"}
{"level":"info","message":"UtilModule dependencies initialized","timestamp":"2024-09-17T14:01:20.027Z"}
{"level":"info","message":"HttpTransportModule dependencies initialized","timestamp":"2024-09-17T14:01:20.028Z"}
{"level":"info","message":"AppModule dependencies initialized","timestamp":"2024-09-17T14:01:20.028Z"}
{"level":"info","message":"HealthController {/health}:","timestamp":"2024-09-17T14:01:20.046Z"}
{"level":"info","message":"Mapped {/health, GET} route","timestamp":"2024-09-17T14:01:20.048Z"}
{"level":"info","message":"JsonRpcController {/rpc}:","timestamp":"2024-09-17T14:01:20.048Z"}
{"level":"info","message":"Mapped {/rpc, POST} route","timestamp":"2024-09-17T14:01:20.049Z"}
{"level":"info","message":"Nest application successfully started","timestamp":"2024-09-17T14:01:20.167Z"}
{"level":"info","message":"Starting Nest application...","timestamp":"2024-09-26T13:17:09.650Z"}
{"level":"info","message":"NestjsJsonRpcModule dependencies initialized","timestamp":"2024-09-26T13:17:09.991Z"}
{"level":"info","message":"BlockModule dependencies initialized","timestamp":"2024-09-26T13:17:10.002Z"}
{"level":"info","message":"TxModule dependencies initialized","timestamp":"2024-09-26T13:17:10.003Z"}
{"level":"info","message":"RouterModule dependencies initialized","timestamp":"2024-09-26T13:17:10.004Z"}
{"level":"info","message":"UtilModule dependencies initialized","timestamp":"2024-09-26T13:17:10.004Z"}
{"level":"info","message":"HttpTransportModule dependencies initialized","timestamp":"2024-09-26T13:17:10.005Z"}
{"level":"info","message":"AppModule dependencies initialized","timestamp":"2024-09-26T13:17:10.005Z"}
{"level":"info","message":"HealthController {/health}:","timestamp":"2024-09-26T13:17:10.012Z"}
{"level":"info","message":"Mapped {/health, GET} route","timestamp":"2024-09-26T13:17:10.013Z"}
{"level":"info","message":"JsonRpcController {/rpc}:","timestamp":"2024-09-26T13:17:10.013Z"}
{"level":"info","message":"Mapped {/rpc, POST} route","timestamp":"2024-09-26T13:17:10.014Z"}
{"level":"info","message":"Nest application successfully started","timestamp":"2024-09-26T13:17:10.047Z"}
{"level":"info","message":"Starting Nest application...","timestamp":"2024-09-26T13:25:12.074Z"}
{"level":"info","message":"NestjsJsonRpcModule dependencies initialized","timestamp":"2024-09-26T13:25:12.420Z"}
{"level":"info","message":"BlockModule dependencies initialized","timestamp":"2024-09-26T13:25:12.437Z"}
{"level":"info","message":"TxModule dependencies initialized","timestamp":"2024-09-26T13:25:12.438Z"}
{"level":"info","message":"RouterModule dependencies initialized","timestamp":"2024-09-26T13:25:12.439Z"}
{"level":"info","message":"UtilModule dependencies initialized","timestamp":"2024-09-26T13:25:12.439Z"}
{"level":"info","message":"HttpTransportModule dependencies initialized","timestamp":"2024-09-26T13:25:12.440Z"}
{"level":"info","message":"AppModule dependencies initialized","timestamp":"2024-09-26T13:25:12.440Z"}
{"level":"info","message":"HealthController {/health}:","timestamp":"2024-09-26T13:25:12.465Z"}
{"level":"info","message":"Mapped {/health, GET} route","timestamp":"2024-09-26T13:25:12.468Z"}
{"level":"info","message":"JsonRpcController {/rpc}:","timestamp":"2024-09-26T13:25:12.468Z"}
{"level":"info","message":"Mapped {/rpc, POST} route","timestamp":"2024-09-26T13:25:12.469Z"}
{"level":"info","message":"Nest application successfully started","timestamp":"2024-09-26T13:25:12.553Z"}
{"level":"info","message":"Starting Nest application...","timestamp":"2024-09-26T13:47:19.839Z"}
{"level":"info","message":"PrismaModule dependencies initialized","timestamp":"2024-09-26T13:47:20.839Z"}
{"level":"info","message":"ArchiveModule dependencies initialized","timestamp":"2024-09-26T13:47:20.840Z"}
{"level":"info","message":"NestjsJsonRpcModule dependencies initialized","timestamp":"2024-09-26T13:47:20.841Z"}
{"level":"info","message":"BlockModule dependencies initialized","timestamp":"2024-09-26T13:47:20.856Z"}
{"level":"info","message":"TxModule dependencies initialized","timestamp":"2024-09-26T13:47:20.856Z"}
{"level":"info","message":"RouterModule dependencies initialized","timestamp":"2024-09-26T13:47:20.856Z"}
{"level":"info","message":"QueueModule dependencies initialized","timestamp":"2024-09-26T13:47:20.856Z"}
{"level":"info","message":"UtilModule dependencies initialized","timestamp":"2024-09-26T13:47:20.857Z"}
{"level":"info","message":"AppModule dependencies initialized","timestamp":"2024-09-26T13:47:20.857Z"}
{"level":"info","message":"HttpTransportModule dependencies initialized","timestamp":"2024-09-26T13:47:20.857Z"}
{"level":"info","message":"HealthController {/health}:","timestamp":"2024-09-26T13:47:20.873Z"}
{"level":"info","message":"Mapped {/health, GET} route","timestamp":"2024-09-26T13:47:20.874Z"}
{"level":"info","message":"JsonRpcController {/rpc}:","timestamp":"2024-09-26T13:47:20.875Z"}
{"level":"info","message":"Mapped {/rpc, POST} route","timestamp":"2024-09-26T13:47:20.875Z"}
{"level":"info","message":"Starting Nest application...","timestamp":"2024-09-26T13:48:04.629Z"}
{"level":"info","message":"PrismaModule dependencies initialized","timestamp":"2024-09-26T13:48:05.016Z"}
{"level":"info","message":"ArchiveModule dependencies initialized","timestamp":"2024-09-26T13:48:05.017Z"}
{"level":"info","message":"NestjsJsonRpcModule dependencies initialized","timestamp":"2024-09-26T13:48:05.017Z"}
{"level":"info","message":"BlockModule dependencies initialized","timestamp":"2024-09-26T13:48:05.047Z"}
{"level":"info","message":"TxModule dependencies initialized","timestamp":"2024-09-26T13:48:05.047Z"}
{"level":"info","message":"RouterModule dependencies initialized","timestamp":"2024-09-26T13:48:05.055Z"}
{"level":"info","message":"QueueModule dependencies initialized","timestamp":"2024-09-26T13:48:05.055Z"}
{"level":"info","message":"UtilModule dependencies initialized","timestamp":"2024-09-26T13:48:05.056Z"}
{"level":"info","message":"AppModule dependencies initialized","timestamp":"2024-09-26T13:48:05.056Z"}
{"level":"info","message":"HttpTransportModule dependencies initialized","timestamp":"2024-09-26T13:48:05.057Z"}
{"level":"info","message":"HealthController {/health}:","timestamp":"2024-09-26T13:48:05.080Z"}
{"level":"info","message":"Mapped {/health, GET} route","timestamp":"2024-09-26T13:48:05.082Z"}
{"level":"info","message":"JsonRpcController {/rpc}:","timestamp":"2024-09-26T13:48:05.083Z"}
{"level":"info","message":"Mapped {/rpc, POST} route","timestamp":"2024-09-26T13:48:05.084Z"}
{"level":"info","message":"Starting Nest application...","timestamp":"2024-09-26T13:49:45.870Z"}
{"level":"info","message":"PrismaModule dependencies initialized","timestamp":"2024-09-26T13:49:46.225Z"}
{"level":"info","message":"ArchiveModule dependencies initialized","timestamp":"2024-09-26T13:49:46.226Z"}
{"level":"info","message":"NestjsJsonRpcModule dependencies initialized","timestamp":"2024-09-26T13:49:46.228Z"}
{"level":"info","message":"BlockModule dependencies initialized","timestamp":"2024-09-26T13:49:46.245Z"}
{"level":"info","message":"TxModule dependencies initialized","timestamp":"2024-09-26T13:49:46.246Z"}
{"level":"info","message":"RouterModule dependencies initialized","timestamp":"2024-09-26T13:49:46.246Z"}
{"level":"info","message":"QueueModule dependencies initialized","timestamp":"2024-09-26T13:49:46.246Z"}
{"level":"info","message":"UtilModule dependencies initialized","timestamp":"2024-09-26T13:49:46.246Z"}
{"level":"info","message":"AppModule dependencies initialized","timestamp":"2024-09-26T13:49:46.247Z"}
{"level":"info","message":"HttpTransportModule dependencies initialized","timestamp":"2024-09-26T13:49:46.247Z"}
{"level":"info","message":"HealthController {/health}:","timestamp":"2024-09-26T13:49:46.276Z"}
{"level":"info","message":"Mapped {/health, GET} route","timestamp":"2024-09-26T13:49:46.277Z"}
{"level":"info","message":"JsonRpcController {/rpc}:","timestamp":"2024-09-26T13:49:46.278Z"}
{"level":"info","message":"Mapped {/rpc, POST} route","timestamp":"2024-09-26T13:49:46.278Z"}
{"level":"info","message":"Starting Nest application...","timestamp":"2024-09-26T13:51:30.114Z"}
{"level":"info","message":"PrismaModule dependencies initialized","timestamp":"2024-09-26T13:51:30.470Z"}
{"level":"info","message":"ArchiveModule dependencies initialized","timestamp":"2024-09-26T13:51:30.472Z"}
{"level":"info","message":"NestjsJsonRpcModule dependencies initialized","timestamp":"2024-09-26T13:51:30.473Z"}
{"level":"info","message":"BlockModule dependencies initialized","timestamp":"2024-09-26T13:51:30.483Z"}
{"level":"info","message":"TxModule dependencies initialized","timestamp":"2024-09-26T13:51:30.483Z"}
{"level":"info","message":"RouterModule dependencies initialized","timestamp":"2024-09-26T13:51:30.484Z"}
{"level":"info","message":"QueueModule dependencies initialized","timestamp":"2024-09-26T13:51:30.484Z"}
{"level":"info","message":"UtilModule dependencies initialized","timestamp":"2024-09-26T13:51:30.484Z"}
{"level":"info","message":"AppModule dependencies initialized","timestamp":"2024-09-26T13:51:30.485Z"}
{"level":"info","message":"HttpTransportModule dependencies initialized","timestamp":"2024-09-26T13:51:30.485Z"}
{"level":"info","message":"HealthController {/health}:","timestamp":"2024-09-26T13:51:30.500Z"}
{"level":"info","message":"Mapped {/health, GET} route","timestamp":"2024-09-26T13:51:30.502Z"}
{"level":"info","message":"JsonRpcController {/rpc}:","timestamp":"2024-09-26T13:51:30.502Z"}
{"level":"info","message":"Mapped {/rpc, POST} route","timestamp":"2024-09-26T13:51:30.503Z"}
{"level":"info","message":"Starting Nest application...","timestamp":"2024-09-26T13:51:45.367Z"}
{"level":"info","message":"PrismaModule dependencies initialized","timestamp":"2024-09-26T13:51:45.716Z"}
{"level":"info","message":"ArchiveModule dependencies initialized","timestamp":"2024-09-26T13:51:45.717Z"}
{"level":"info","message":"NestjsJsonRpcModule dependencies initialized","timestamp":"2024-09-26T13:51:45.718Z"}
{"level":"info","message":"BlockModule dependencies initialized","timestamp":"2024-09-26T13:51:45.727Z"}
{"level":"info","message":"TxModule dependencies initialized","timestamp":"2024-09-26T13:51:45.727Z"}
{"level":"info","message":"RouterModule dependencies initialized","timestamp":"2024-09-26T13:51:45.728Z"}
{"level":"info","message":"QueueModule dependencies initialized","timestamp":"2024-09-26T13:51:45.728Z"}
{"level":"info","message":"UtilModule dependencies initialized","timestamp":"2024-09-26T13:51:45.728Z"}
{"level":"info","message":"AppModule dependencies initialized","timestamp":"2024-09-26T13:51:45.728Z"}
{"level":"info","message":"HttpTransportModule dependencies initialized","timestamp":"2024-09-26T13:51:45.728Z"}
{"level":"info","message":"HealthController {/health}:","timestamp":"2024-09-26T13:51:45.738Z"}
{"level":"info","message":"Mapped {/health, GET} route","timestamp":"2024-09-26T13:51:45.739Z"}
{"level":"info","message":"JsonRpcController {/rpc}:","timestamp":"2024-09-26T13:51:45.739Z"}
{"level":"info","message":"Mapped {/rpc, POST} route","timestamp":"2024-09-26T13:51:45.739Z"}
{"level":"info","message":"Starting Nest application...","timestamp":"2024-09-26T13:52:03.060Z"}
{"level":"info","message":"PrismaModule dependencies initialized","timestamp":"2024-09-26T13:52:03.401Z"}
{"level":"info","message":"ArchiveModule dependencies initialized","timestamp":"2024-09-26T13:52:03.402Z"}
{"level":"info","message":"NestjsJsonRpcModule dependencies initialized","timestamp":"2024-09-26T13:52:03.402Z"}
{"level":"info","message":"BlockModule dependencies initialized","timestamp":"2024-09-26T13:52:03.419Z"}
{"level":"info","message":"TxModule dependencies initialized","timestamp":"2024-09-26T13:52:03.420Z"}
{"level":"info","message":"RouterModule dependencies initialized","timestamp":"2024-09-26T13:52:03.420Z"}
{"level":"info","message":"QueueModule dependencies initialized","timestamp":"2024-09-26T13:52:03.420Z"}
{"level":"info","message":"UtilModule dependencies initialized","timestamp":"2024-09-26T13:52:03.421Z"}
{"level":"info","message":"AppModule dependencies initialized","timestamp":"2024-09-26T13:52:03.421Z"}
{"level":"info","message":"HttpTransportModule dependencies initialized","timestamp":"2024-09-26T13:52:03.422Z"}
{"level":"info","message":"HealthController {/health}:","timestamp":"2024-09-26T13:52:03.435Z"}
{"level":"info","message":"Mapped {/health, GET} route","timestamp":"2024-09-26T13:52:03.436Z"}
{"level":"info","message":"JsonRpcController {/rpc}:","timestamp":"2024-09-26T13:52:03.437Z"}
{"level":"info","message":"Mapped {/rpc, POST} route","timestamp":"2024-09-26T13:52:03.437Z"}
{"level":"info","message":"Starting Nest application...","timestamp":"2024-09-26T13:52:23.371Z"}
{"level":"info","message":"PrismaModule dependencies initialized","timestamp":"2024-09-26T13:52:23.716Z"}
{"level":"info","message":"ArchiveModule dependencies initialized","timestamp":"2024-09-26T13:52:23.717Z"}
{"level":"info","message":"NestjsJsonRpcModule dependencies initialized","timestamp":"2024-09-26T13:52:23.717Z"}
{"level":"info","message":"BlockModule dependencies initialized","timestamp":"2024-09-26T13:52:23.735Z"}
{"level":"info","message":"TxModule dependencies initialized","timestamp":"2024-09-26T13:52:23.735Z"}
{"level":"info","message":"RouterModule dependencies initialized","timestamp":"2024-09-26T13:52:23.735Z"}
{"level":"info","message":"QueueModule dependencies initialized","timestamp":"2024-09-26T13:52:23.736Z"}
{"level":"info","message":"UtilModule dependencies initialized","timestamp":"2024-09-26T13:52:23.736Z"}
{"level":"info","message":"AppModule dependencies initialized","timestamp":"2024-09-26T13:52:23.736Z"}
{"level":"info","message":"HttpTransportModule dependencies initialized","timestamp":"2024-09-26T13:52:23.737Z"}
{"level":"info","message":"HealthController {/health}:","timestamp":"2024-09-26T13:52:23.747Z"}
{"level":"info","message":"Mapped {/health, GET} route","timestamp":"2024-09-26T13:52:23.748Z"}
{"level":"info","message":"JsonRpcController {/rpc}:","timestamp":"2024-09-26T13:52:23.748Z"}
{"level":"info","message":"Mapped {/rpc, POST} route","timestamp":"2024-09-26T13:52:23.748Z"}
{"level":"info","message":"Starting Nest application...","timestamp":"2024-09-26T13:52:44.311Z"}
{"level":"info","message":"PrismaModule dependencies initialized","timestamp":"2024-09-26T13:52:44.657Z"}
{"level":"info","message":"ArchiveModule dependencies initialized","timestamp":"2024-09-26T13:52:44.668Z"}
{"level":"info","message":"NestjsJsonRpcModule dependencies initialized","timestamp":"2024-09-26T13:52:44.668Z"}
{"level":"info","message":"BlockModule dependencies initialized","timestamp":"2024-09-26T13:52:44.685Z"}
{"level":"info","message":"TxModule dependencies initialized","timestamp":"2024-09-26T13:52:44.685Z"}
{"level":"info","message":"RouterModule dependencies initialized","timestamp":"2024-09-26T13:52:44.686Z"}
{"level":"info","message":"QueueModule dependencies initialized","timestamp":"2024-09-26T13:52:44.686Z"}
{"level":"info","message":"UtilModule dependencies initialized","timestamp":"2024-09-26T13:52:44.686Z"}
{"level":"info","message":"AppModule dependencies initialized","timestamp":"2024-09-26T13:52:44.687Z"}
{"level":"info","message":"HttpTransportModule dependencies initialized","timestamp":"2024-09-26T13:52:44.687Z"}
{"level":"info","message":"HealthController {/health}:","timestamp":"2024-09-26T13:52:44.701Z"}
{"level":"info","message":"Mapped {/health, GET} route","timestamp":"2024-09-26T13:52:44.702Z"}
{"level":"info","message":"JsonRpcController {/rpc}:","timestamp":"2024-09-26T13:52:44.702Z"}
{"level":"info","message":"Mapped {/rpc, POST} route","timestamp":"2024-09-26T13:52:44.703Z"}
{"level":"info","message":"Starting Nest application...","timestamp":"2024-09-26T14:07:57.082Z"}
{"level":"info","message":"PrismaModule dependencies initialized","timestamp":"2024-09-26T14:07:57.437Z"}
{"level":"info","message":"ArchiveModule dependencies initialized","timestamp":"2024-09-26T14:07:57.438Z"}
{"level":"info","message":"ValidatorModule dependencies initialized","timestamp":"2024-09-26T14:07:57.439Z"}
{"level":"info","message":"NestjsJsonRpcModule dependencies initialized","timestamp":"2024-09-26T14:07:57.439Z"}
{"level":"info","message":"BlockModule dependencies initialized","timestamp":"2024-09-26T14:07:57.459Z"}
{"level":"info","message":"TxModule dependencies initialized","timestamp":"2024-09-26T14:07:57.459Z"}
{"level":"info","message":"RouterModule dependencies initialized","timestamp":"2024-09-26T14:07:57.459Z"}
{"level":"info","message":"UtilModule dependencies initialized","timestamp":"2024-09-26T14:07:57.460Z"}
{"level":"info","message":"QueueModule dependencies initialized","timestamp":"2024-09-26T14:07:57.460Z"}
{"level":"info","message":"AppModule dependencies initialized","timestamp":"2024-09-26T14:07:57.460Z"}
{"level":"info","message":"HttpTransportModule dependencies initialized","timestamp":"2024-09-26T14:07:57.461Z"}
{"level":"info","message":"HealthController {/health}:","timestamp":"2024-09-26T14:07:57.474Z"}
{"level":"info","message":"Mapped {/health, GET} route","timestamp":"2024-09-26T14:07:57.477Z"}
{"level":"info","message":"JsonRpcController {/rpc}:","timestamp":"2024-09-26T14:07:57.477Z"}
{"level":"info","message":"Mapped {/rpc, POST} route","timestamp":"2024-09-26T14:07:57.478Z"}
{"level":"info","message":"Starting Nest application...","timestamp":"2024-09-26T14:08:49.166Z"}
{"level":"info","message":"PrismaModule dependencies initialized","timestamp":"2024-09-26T14:08:49.528Z"}
{"level":"info","message":"ArchiveModule dependencies initialized","timestamp":"2024-09-26T14:08:49.529Z"}
{"level":"info","message":"ValidatorModule dependencies initialized","timestamp":"2024-09-26T14:08:49.534Z"}
{"level":"info","message":"NestjsJsonRpcModule dependencies initialized","timestamp":"2024-09-26T14:08:49.536Z"}
{"level":"info","message":"BlockModule dependencies initialized","timestamp":"2024-09-26T14:08:49.562Z"}
{"level":"info","message":"TxModule dependencies initialized","timestamp":"2024-09-26T14:08:49.562Z"}
{"level":"info","message":"RouterModule dependencies initialized","timestamp":"2024-09-26T14:08:49.562Z"}
{"level":"info","message":"UtilModule dependencies initialized","timestamp":"2024-09-26T14:08:49.563Z"}
{"level":"info","message":"QueueModule dependencies initialized","timestamp":"2024-09-26T14:08:49.563Z"}
{"level":"info","message":"AppModule dependencies initialized","timestamp":"2024-09-26T14:08:49.564Z"}
{"level":"info","message":"HttpTransportModule dependencies initialized","timestamp":"2024-09-26T14:08:49.564Z"}
{"level":"info","message":"HealthController {/health}:","timestamp":"2024-09-26T14:08:49.576Z"}
{"level":"info","message":"Mapped {/health, GET} route","timestamp":"2024-09-26T14:08:49.578Z"}
{"level":"info","message":"JsonRpcController {/rpc}:","timestamp":"2024-09-26T14:08:49.578Z"}
{"level":"info","message":"Mapped {/rpc, POST} route","timestamp":"2024-09-26T14:08:49.579Z"}
{"level":"info","message":"Starting Nest application...","timestamp":"2024-09-26T14:09:12.616Z"}
{"level":"info","message":"PrismaModule dependencies initialized","timestamp":"2024-09-26T14:09:12.958Z"}
{"level":"info","message":"ArchiveModule dependencies initialized","timestamp":"2024-09-26T14:09:12.959Z"}
{"level":"info","message":"ValidatorModule dependencies initialized","timestamp":"2024-09-26T14:09:12.959Z"}
{"level":"info","message":"NestjsJsonRpcModule dependencies initialized","timestamp":"2024-09-26T14:09:12.960Z"}
{"level":"info","message":"BlockModule dependencies initialized","timestamp":"2024-09-26T14:09:12.972Z"}
{"level":"info","message":"TxModule dependencies initialized","timestamp":"2024-09-26T14:09:12.972Z"}
{"level":"info","message":"RouterModule dependencies initialized","timestamp":"2024-09-26T14:09:12.973Z"}
{"level":"info","message":"UtilModule dependencies initialized","timestamp":"2024-09-26T14:09:12.974Z"}
{"level":"info","message":"QueueModule dependencies initialized","timestamp":"2024-09-26T14:09:12.974Z"}
{"level":"info","message":"AppModule dependencies initialized","timestamp":"2024-09-26T14:09:12.974Z"}
{"level":"info","message":"HttpTransportModule dependencies initialized","timestamp":"2024-09-26T14:09:12.974Z"}
{"level":"info","message":"HealthController {/health}:","timestamp":"2024-09-26T14:09:12.988Z"}
{"level":"info","message":"Mapped {/health, GET} route","timestamp":"2024-09-26T14:09:12.989Z"}
{"level":"info","message":"JsonRpcController {/rpc}:","timestamp":"2024-09-26T14:09:12.990Z"}
{"level":"info","message":"Mapped {/rpc, POST} route","timestamp":"2024-09-26T14:09:12.990Z"}
{"level":"info","message":"Starting Nest application...","timestamp":"2024-09-26T14:12:45.269Z"}
{"level":"info","message":"PrismaModule dependencies initialized","timestamp":"2024-09-26T14:12:45.602Z"}
{"level":"info","message":"ArchiveModule dependencies initialized","timestamp":"2024-09-26T14:12:45.603Z"}
{"level":"info","message":"ValidatorModule dependencies initialized","timestamp":"2024-09-26T14:12:45.603Z"}
{"level":"info","message":"NestjsJsonRpcModule dependencies initialized","timestamp":"2024-09-26T14:12:45.603Z"}
{"level":"info","message":"BlockModule dependencies initialized","timestamp":"2024-09-26T14:12:45.636Z"}
{"level":"info","message":"TxModule dependencies initialized","timestamp":"2024-09-26T14:12:45.636Z"}
{"level":"info","message":"RouterModule dependencies initialized","timestamp":"2024-09-26T14:12:45.637Z"}
{"level":"info","message":"UtilModule dependencies initialized","timestamp":"2024-09-26T14:12:45.638Z"}
{"level":"info","message":"QueueModule dependencies initialized","timestamp":"2024-09-26T14:12:45.638Z"}
{"level":"info","message":"AppModule dependencies initialized","timestamp":"2024-09-26T14:12:45.643Z"}
{"level":"info","message":"HttpTransportModule dependencies initialized","timestamp":"2024-09-26T14:12:45.644Z"}
{"level":"info","message":"HealthController {/health}:","timestamp":"2024-09-26T14:12:45.669Z"}
{"level":"info","message":"Mapped {/health, GET} route","timestamp":"2024-09-26T14:12:45.674Z"}
{"level":"info","message":"JsonRpcController {/rpc}:","timestamp":"2024-09-26T14:12:45.675Z"}
{"level":"info","message":"Mapped {/rpc, POST} route","timestamp":"2024-09-26T14:12:45.677Z"}
{"level":"info","message":"Starting Nest application...","timestamp":"2024-09-26T14:13:09.399Z"}
{"level":"info","message":"PrismaModule dependencies initialized","timestamp":"2024-09-26T14:13:09.737Z"}
{"level":"info","message":"ArchiveModule dependencies initialized","timestamp":"2024-09-26T14:13:09.738Z"}
{"level":"info","message":"ValidatorModule dependencies initialized","timestamp":"2024-09-26T14:13:09.738Z"}
{"level":"info","message":"NestjsJsonRpcModule dependencies initialized","timestamp":"2024-09-26T14:13:09.739Z"}
{"level":"info","message":"BlockModule dependencies initialized","timestamp":"2024-09-26T14:13:09.749Z"}
{"level":"info","message":"TxModule dependencies initialized","timestamp":"2024-09-26T14:13:09.749Z"}
{"level":"info","message":"RouterModule dependencies initialized","timestamp":"2024-09-26T14:13:09.749Z"}
{"level":"info","message":"UtilModule dependencies initialized","timestamp":"2024-09-26T14:13:09.753Z"}
{"level":"info","message":"QueueModule dependencies initialized","timestamp":"2024-09-26T14:13:09.753Z"}
{"level":"info","message":"AppModule dependencies initialized","timestamp":"2024-09-26T14:13:09.753Z"}
{"level":"info","message":"HttpTransportModule dependencies initialized","timestamp":"2024-09-26T14:13:09.754Z"}
{"level":"info","message":"HealthController {/health}:","timestamp":"2024-09-26T14:13:09.767Z"}
{"level":"info","message":"Mapped {/health, GET} route","timestamp":"2024-09-26T14:13:09.769Z"}
{"level":"info","message":"JsonRpcController {/rpc}:","timestamp":"2024-09-26T14:13:09.770Z"}
{"level":"info","message":"Mapped {/rpc, POST} route","timestamp":"2024-09-26T14:13:09.771Z"}
{"level":"info","message":"Starting Nest application...","timestamp":"2024-09-26T14:14:54.627Z"}
{"level":"info","message":"PrismaModule dependencies initialized","timestamp":"2024-09-26T14:14:54.990Z"}
{"level":"info","message":"ArchiveModule dependencies initialized","timestamp":"2024-09-26T14:14:54.991Z"}
{"level":"info","message":"ValidatorModule dependencies initialized","timestamp":"2024-09-26T14:14:54.993Z"}
{"level":"info","message":"NestjsJsonRpcModule dependencies initialized","timestamp":"2024-09-26T14:14:54.996Z"}
{"level":"info","message":"BlockModule dependencies initialized","timestamp":"2024-09-26T14:14:55.021Z"}
{"level":"info","message":"TxModule dependencies initialized","timestamp":"2024-09-26T14:14:55.021Z"}
{"level":"info","message":"RouterModule dependencies initialized","timestamp":"2024-09-26T14:14:55.021Z"}
{"level":"info","message":"UtilModule dependencies initialized","timestamp":"2024-09-26T14:14:55.022Z"}
{"level":"info","message":"QueueModule dependencies initialized","timestamp":"2024-09-26T14:14:55.022Z"}
{"level":"info","message":"AppModule dependencies initialized","timestamp":"2024-09-26T14:14:55.023Z"}
{"level":"info","message":"HttpTransportModule dependencies initialized","timestamp":"2024-09-26T14:14:55.023Z"}
{"level":"info","message":"HealthController {/health}:","timestamp":"2024-09-26T14:14:55.033Z"}
{"level":"info","message":"Mapped {/health, GET} route","timestamp":"2024-09-26T14:14:55.035Z"}
{"level":"info","message":"JsonRpcController {/rpc}:","timestamp":"2024-09-26T14:14:55.035Z"}
{"level":"info","message":"Mapped {/rpc, POST} route","timestamp":"2024-09-26T14:14:55.036Z"}
{"level":"info","message":"Starting Nest application...","timestamp":"2024-09-26T14:15:19.781Z"}
{"level":"info","message":"PrismaModule dependencies initialized","timestamp":"2024-09-26T14:15:20.143Z"}
{"level":"info","message":"ArchiveModule dependencies initialized","timestamp":"2024-09-26T14:15:20.144Z"}
{"level":"info","message":"ValidatorModule dependencies initialized","timestamp":"2024-09-26T14:15:20.144Z"}
{"level":"info","message":"NestjsJsonRpcModule dependencies initialized","timestamp":"2024-09-26T14:15:20.145Z"}
{"level":"info","message":"BlockModule dependencies initialized","timestamp":"2024-09-26T14:15:20.156Z"}
{"level":"info","message":"TxModule dependencies initialized","timestamp":"2024-09-26T14:15:20.156Z"}
{"level":"info","message":"RouterModule dependencies initialized","timestamp":"2024-09-26T14:15:20.156Z"}
{"level":"info","message":"UtilModule dependencies initialized","timestamp":"2024-09-26T14:15:20.158Z"}
{"level":"info","message":"QueueModule dependencies initialized","timestamp":"2024-09-26T14:15:20.158Z"}
{"level":"info","message":"AppModule dependencies initialized","timestamp":"2024-09-26T14:15:20.159Z"}
{"level":"info","message":"HttpTransportModule dependencies initialized","timestamp":"2024-09-26T14:15:20.159Z"}
{"level":"info","message":"HealthController {/health}:","timestamp":"2024-09-26T14:15:20.172Z"}
{"level":"info","message":"Mapped {/health, GET} route","timestamp":"2024-09-26T14:15:20.174Z"}
{"level":"info","message":"JsonRpcController {/rpc}:","timestamp":"2024-09-26T14:15:20.174Z"}
{"level":"info","message":"Mapped {/rpc, POST} route","timestamp":"2024-09-26T14:15:20.175Z"}
{"level":"info","message":"Starting Nest application...","timestamp":"2024-09-26T14:17:49.492Z"}
{"level":"info","message":"PrismaModule dependencies initialized","timestamp":"2024-09-26T14:17:49.852Z"}
{"level":"info","message":"ArchiveModule dependencies initialized","timestamp":"2024-09-26T14:17:49.853Z"}
{"level":"info","message":"ValidatorModule dependencies initialized","timestamp":"2024-09-26T14:17:49.854Z"}
{"level":"info","message":"NestjsJsonRpcModule dependencies initialized","timestamp":"2024-09-26T14:17:49.854Z"}
{"level":"info","message":"BlockModule dependencies initialized","timestamp":"2024-09-26T14:17:49.878Z"}
{"level":"info","message":"TxModule dependencies initialized","timestamp":"2024-09-26T14:17:49.878Z"}
{"level":"info","message":"RouterModule dependencies initialized","timestamp":"2024-09-26T14:17:49.879Z"}
{"level":"info","message":"UtilModule dependencies initialized","timestamp":"2024-09-26T14:17:49.879Z"}
{"level":"info","message":"QueueModule dependencies initialized","timestamp":"2024-09-26T14:17:49.880Z"}
{"level":"info","message":"AppModule dependencies initialized","timestamp":"2024-09-26T14:17:49.880Z"}
{"level":"info","message":"HttpTransportModule dependencies initialized","timestamp":"2024-09-26T14:17:49.880Z"}
{"level":"info","message":"HealthController {/health}:","timestamp":"2024-09-26T14:17:49.888Z"}
{"level":"info","message":"Mapped {/health, GET} route","timestamp":"2024-09-26T14:17:49.889Z"}
{"level":"info","message":"JsonRpcController {/rpc}:","timestamp":"2024-09-26T14:17:49.889Z"}
{"level":"info","message":"Mapped {/rpc, POST} route","timestamp":"2024-09-26T14:17:49.890Z"}
{"level":"info","message":"Starting Nest application...","timestamp":"2024-09-26T14:22:58.185Z"}
{"level":"info","message":"PrismaModule dependencies initialized","timestamp":"2024-09-26T14:22:58.547Z"}
{"level":"info","message":"ArchiveModule dependencies initialized","timestamp":"2024-09-26T14:22:58.551Z"}
{"level":"info","message":"ValidatorModule dependencies initialized","timestamp":"2024-09-26T14:22:58.551Z"}
{"level":"info","message":"NestjsJsonRpcModule dependencies initialized","timestamp":"2024-09-26T14:22:58.551Z"}
{"level":"info","message":"BlockModule dependencies initialized","timestamp":"2024-09-26T14:22:58.560Z"}
{"level":"info","message":"TxModule dependencies initialized","timestamp":"2024-09-26T14:22:58.561Z"}
{"level":"info","message":"RouterModule dependencies initialized","timestamp":"2024-09-26T14:22:58.561Z"}
{"level":"info","message":"UtilModule dependencies initialized","timestamp":"2024-09-26T14:22:58.562Z"}
{"level":"info","message":"QueueModule dependencies initialized","timestamp":"2024-09-26T14:22:58.563Z"}
{"level":"info","message":"AppModule dependencies initialized","timestamp":"2024-09-26T14:22:58.564Z"}
{"level":"info","message":"HttpTransportModule dependencies initialized","timestamp":"2024-09-26T14:22:58.564Z"}
{"level":"info","message":"HealthController {/health}:","timestamp":"2024-09-26T14:22:58.581Z"}
{"level":"info","message":"Mapped {/health, GET} route","timestamp":"2024-09-26T14:22:58.583Z"}
{"level":"info","message":"JsonRpcController {/rpc}:","timestamp":"2024-09-26T14:22:58.583Z"}
{"level":"info","message":"Mapped {/rpc, POST} route","timestamp":"2024-09-26T14:22:58.584Z"}
{"level":"info","message":"Starting Nest application...","timestamp":"2024-09-26T14:32:44.133Z"}
{"level":"info","message":"PrismaModule dependencies initialized","timestamp":"2024-09-26T14:32:44.482Z"}
{"level":"info","message":"ArchiveModule dependencies initialized","timestamp":"2024-09-26T14:32:44.482Z"}
{"level":"info","message":"ValidatorModule dependencies initialized","timestamp":"2024-09-26T14:32:44.483Z"}
{"level":"info","message":"NestjsJsonRpcModule dependencies initialized","timestamp":"2024-09-26T14:32:44.483Z"}
{"level":"info","message":"BlockModule dependencies initialized","timestamp":"2024-09-26T14:32:44.498Z"}
{"level":"info","message":"TxModule dependencies initialized","timestamp":"2024-09-26T14:32:44.498Z"}
{"level":"info","message":"RouterModule dependencies initialized","timestamp":"2024-09-26T14:32:44.498Z"}
{"level":"info","message":"UtilModule dependencies initialized","timestamp":"2024-09-26T14:32:44.499Z"}
{"level":"info","message":"QueueModule dependencies initialized","timestamp":"2024-09-26T14:32:44.499Z"}
{"level":"info","message":"AppModule dependencies initialized","timestamp":"2024-09-26T14:32:44.500Z"}
{"level":"info","message":"HttpTransportModule dependencies initialized","timestamp":"2024-09-26T14:32:44.500Z"}
{"level":"info","message":"HealthController {/health}:","timestamp":"2024-09-26T14:32:44.514Z"}
{"level":"info","message":"Mapped {/health, GET} route","timestamp":"2024-09-26T14:32:44.516Z"}
{"level":"info","message":"JsonRpcController {/rpc}:","timestamp":"2024-09-26T14:32:44.517Z"}
{"level":"info","message":"Mapped {/rpc, POST} route","timestamp":"2024-09-26T14:32:44.517Z"}
{"level":"info","message":"Starting Nest application...","timestamp":"2024-09-26T14:33:47.797Z"}
{"level":"info","message":"PrismaModule dependencies initialized","timestamp":"2024-09-26T14:33:48.158Z"}
{"level":"info","message":"ArchiveModule dependencies initialized","timestamp":"2024-09-26T14:33:48.158Z"}
{"level":"info","message":"ValidatorModule dependencies initialized","timestamp":"2024-09-26T14:33:48.159Z"}
{"level":"info","message":"NestjsJsonRpcModule dependencies initialized","timestamp":"2024-09-26T14:33:48.159Z"}
{"level":"info","message":"BlockModule dependencies initialized","timestamp":"2024-09-26T14:33:48.167Z"}
{"level":"info","message":"TxModule dependencies initialized","timestamp":"2024-09-26T14:33:48.167Z"}
{"level":"info","message":"RouterModule dependencies initialized","timestamp":"2024-09-26T14:33:48.168Z"}
{"level":"info","message":"UtilModule dependencies initialized","timestamp":"2024-09-26T14:33:48.168Z"}
{"level":"info","message":"QueueModule dependencies initialized","timestamp":"2024-09-26T14:33:48.169Z"}
{"level":"info","message":"AppModule dependencies initialized","timestamp":"2024-09-26T14:33:48.169Z"}
{"level":"info","message":"HttpTransportModule dependencies initialized","timestamp":"2024-09-26T14:33:48.169Z"}
{"level":"info","message":"HealthController {/health}:","timestamp":"2024-09-26T14:33:48.180Z"}
{"level":"info","message":"Mapped {/health, GET} route","timestamp":"2024-09-26T14:33:48.181Z"}
{"level":"info","message":"JsonRpcController {/rpc}:","timestamp":"2024-09-26T14:33:48.181Z"}
{"level":"info","message":"Mapped {/rpc, POST} route","timestamp":"2024-09-26T14:33:48.181Z"}
{"level":"info","message":"Starting Nest application...","timestamp":"2024-09-26T14:34:38.052Z"}
{"level":"info","message":"PrismaModule dependencies initialized","timestamp":"2024-09-26T14:34:38.428Z"}
{"level":"info","message":"ArchiveModule dependencies initialized","timestamp":"2024-09-26T14:34:38.429Z"}
{"level":"info","message":"ValidatorModule dependencies initialized","timestamp":"2024-09-26T14:34:38.429Z"}
{"level":"info","message":"NestjsJsonRpcModule dependencies initialized","timestamp":"2024-09-26T14:34:38.430Z"}
{"level":"info","message":"BlockModule dependencies initialized","timestamp":"2024-09-26T14:34:38.455Z"}
{"level":"info","message":"TxModule dependencies initialized","timestamp":"2024-09-26T14:34:38.455Z"}
{"level":"info","message":"RouterModule dependencies initialized","timestamp":"2024-09-26T14:34:38.455Z"}
{"level":"info","message":"UtilModule dependencies initialized","timestamp":"2024-09-26T14:34:38.456Z"}
{"level":"info","message":"QueueModule dependencies initialized","timestamp":"2024-09-26T14:34:38.456Z"}
{"level":"info","message":"AppModule dependencies initialized","timestamp":"2024-09-26T14:34:38.456Z"}
{"level":"info","message":"HttpTransportModule dependencies initialized","timestamp":"2024-09-26T14:34:38.457Z"}
{"level":"info","message":"HealthController {/health}:","timestamp":"2024-09-26T14:34:38.472Z"}
{"level":"info","message":"Mapped {/health, GET} route","timestamp":"2024-09-26T14:34:38.473Z"}
{"level":"info","message":"JsonRpcController {/rpc}:","timestamp":"2024-09-26T14:34:38.474Z"}
{"level":"info","message":"Mapped {/rpc, POST} route","timestamp":"2024-09-26T14:34:38.474Z"}
{"level":"info","message":"Starting Nest application...","timestamp":"2024-09-26T14:44:23.177Z"}
{"level":"info","message":"PrismaModule dependencies initialized","timestamp":"2024-09-26T14:44:23.542Z"}
{"level":"info","message":"ArchiveModule dependencies initialized","timestamp":"2024-09-26T14:44:23.542Z"}
{"level":"info","message":"ValidatorModule dependencies initialized","timestamp":"2024-09-26T14:44:23.542Z"}
{"level":"info","message":"NestjsJsonRpcModule dependencies initialized","timestamp":"2024-09-26T14:44:23.543Z"}
{"level":"info","message":"BlockModule dependencies initialized","timestamp":"2024-09-26T14:44:23.574Z"}
{"level":"info","message":"TxModule dependencies initialized","timestamp":"2024-09-26T14:44:23.575Z"}
{"level":"info","message":"RouterModule dependencies initialized","timestamp":"2024-09-26T14:44:23.575Z"}
{"level":"info","message":"UtilModule dependencies initialized","timestamp":"2024-09-26T14:44:23.577Z"}
{"level":"info","message":"QueueModule dependencies initialized","timestamp":"2024-09-26T14:44:23.578Z"}
{"level":"info","message":"AppModule dependencies initialized","timestamp":"2024-09-26T14:44:23.579Z"}
{"level":"info","message":"HttpTransportModule dependencies initialized","timestamp":"2024-09-26T14:44:23.579Z"}
{"level":"info","message":"HealthController {/health}:","timestamp":"2024-09-26T14:44:23.603Z"}
{"level":"info","message":"Mapped {/health, GET} route","timestamp":"2024-09-26T14:44:23.605Z"}
{"level":"info","message":"JsonRpcController {/rpc}:","timestamp":"2024-09-26T14:44:23.605Z"}
{"level":"info","message":"Mapped {/rpc, POST} route","timestamp":"2024-09-26T14:44:23.606Z"}
{"level":"info","message":"Starting Nest application...","timestamp":"2024-09-26T14:45:07.613Z"}
{"level":"info","message":"PrismaModule dependencies initialized","timestamp":"2024-09-26T14:45:07.953Z"}
{"level":"info","message":"ArchiveModule dependencies initialized","timestamp":"2024-09-26T14:45:07.954Z"}
{"level":"info","message":"ValidatorModule dependencies initialized","timestamp":"2024-09-26T14:45:07.954Z"}
{"level":"info","message":"NestjsJsonRpcModule dependencies initialized","timestamp":"2024-09-26T14:45:07.954Z"}
{"level":"info","message":"BlockModule dependencies initialized","timestamp":"2024-09-26T14:45:07.965Z"}
{"level":"info","message":"TxModule dependencies initialized","timestamp":"2024-09-26T14:45:07.966Z"}
{"level":"info","message":"RouterModule dependencies initialized","timestamp":"2024-09-26T14:45:07.966Z"}
{"level":"info","message":"UtilModule dependencies initialized","timestamp":"2024-09-26T14:45:07.969Z"}
{"level":"info","message":"QueueModule dependencies initialized","timestamp":"2024-09-26T14:45:07.970Z"}
{"level":"info","message":"AppModule dependencies initialized","timestamp":"2024-09-26T14:45:07.970Z"}
{"level":"info","message":"HttpTransportModule dependencies initialized","timestamp":"2024-09-26T14:45:07.971Z"}
{"level":"info","message":"HealthController {/health}:","timestamp":"2024-09-26T14:45:07.984Z"}
{"level":"info","message":"Mapped {/health, GET} route","timestamp":"2024-09-26T14:45:07.985Z"}
{"level":"info","message":"JsonRpcController {/rpc}:","timestamp":"2024-09-26T14:45:07.985Z"}
{"level":"info","message":"Mapped {/rpc, POST} route","timestamp":"2024-09-26T14:45:07.986Z"}
{"level":"info","message":"Nest application successfully started","timestamp":"2024-09-26T14:45:14.819Z"}
{"level":"info","message":"Starting Nest application...","timestamp":"2024-09-26T14:52:40.802Z"}
{"level":"info","message":"PrismaModule dependencies initialized","timestamp":"2024-09-26T14:52:41.164Z"}
{"level":"info","message":"ArchiveModule dependencies initialized","timestamp":"2024-09-26T14:52:41.164Z"}
{"level":"info","message":"ValidatorModule dependencies initialized","timestamp":"2024-09-26T14:52:41.165Z"}
{"level":"info","message":"NestjsJsonRpcModule dependencies initialized","timestamp":"2024-09-26T14:52:41.166Z"}
{"level":"info","message":"BlockModule dependencies initialized","timestamp":"2024-09-26T14:52:41.187Z"}
{"level":"info","message":"TxModule dependencies initialized","timestamp":"2024-09-26T14:52:41.187Z"}
{"level":"info","message":"RouterModule dependencies initialized","timestamp":"2024-09-26T14:52:41.187Z"}
{"level":"info","message":"UtilModule dependencies initialized","timestamp":"2024-09-26T14:52:41.188Z"}
{"level":"info","message":"QueueModule dependencies initialized","timestamp":"2024-09-26T14:52:41.188Z"}
{"level":"info","message":"AppModule dependencies initialized","timestamp":"2024-09-26T14:52:41.188Z"}
{"level":"info","message":"HttpTransportModule dependencies initialized","timestamp":"2024-09-26T14:52:41.189Z"}
{"level":"info","message":"HealthController {/health}:","timestamp":"2024-09-26T14:52:41.198Z"}
{"level":"info","message":"Mapped {/health, GET} route","timestamp":"2024-09-26T14:52:41.199Z"}
{"level":"info","message":"JsonRpcController {/rpc}:","timestamp":"2024-09-26T14:52:41.199Z"}
{"level":"info","message":"Mapped {/rpc, POST} route","timestamp":"2024-09-26T14:52:41.200Z"}
{"level":"info","message":"Nest application successfully started","timestamp":"2024-09-26T14:52:47.948Z"}
{"level":"info","message":"Starting Nest application...","timestamp":"2024-09-26T14:53:32.380Z"}
{"level":"info","message":"PrismaModule dependencies initialized","timestamp":"2024-09-26T14:53:32.729Z"}
{"level":"info","message":"ArchiveModule dependencies initialized","timestamp":"2024-09-26T14:53:32.729Z"}
{"level":"info","message":"ValidatorModule dependencies initialized","timestamp":"2024-09-26T14:53:32.729Z"}
{"level":"info","message":"NestjsJsonRpcModule dependencies initialized","timestamp":"2024-09-26T14:53:32.729Z"}
{"level":"info","message":"BlockModule dependencies initialized","timestamp":"2024-09-26T14:53:32.776Z"}
{"level":"info","message":"TxModule dependencies initialized","timestamp":"2024-09-26T14:53:32.776Z"}
{"level":"info","message":"RouterModule dependencies initialized","timestamp":"2024-09-26T14:53:32.780Z"}
{"level":"info","message":"UtilModule dependencies initialized","timestamp":"2024-09-26T14:53:32.792Z"}
{"level":"info","message":"QueueModule dependencies initialized","timestamp":"2024-09-26T14:53:32.792Z"}
{"level":"info","message":"AppModule dependencies initialized","timestamp":"2024-09-26T14:53:32.792Z"}
{"level":"info","message":"HttpTransportModule dependencies initialized","timestamp":"2024-09-26T14:53:32.792Z"}
{"level":"info","message":"HealthController {/health}:","timestamp":"2024-09-26T14:53:32.812Z"}
{"level":"info","message":"Mapped {/health, GET} route","timestamp":"2024-09-26T14:53:32.814Z"}
{"level":"info","message":"JsonRpcController {/rpc}:","timestamp":"2024-09-26T14:53:32.814Z"}
{"level":"info","message":"Mapped {/rpc, POST} route","timestamp":"2024-09-26T14:53:32.814Z"}
{"level":"info","message":"Nest application successfully started","timestamp":"2024-09-26T14:53:39.570Z"}
{"level":"info","message":"Starting Nest application...","timestamp":"2024-09-26T14:54:15.956Z"}
{"level":"info","message":"PrismaModule dependencies initialized","timestamp":"2024-09-26T14:54:16.318Z"}
{"level":"info","message":"ArchiveModule dependencies initialized","timestamp":"2024-09-26T14:54:16.319Z"}
{"level":"info","message":"ValidatorModule dependencies initialized","timestamp":"2024-09-26T14:54:16.320Z"}
{"level":"info","message":"NestjsJsonRpcModule dependencies initialized","timestamp":"2024-09-26T14:54:16.320Z"}
{"level":"info","message":"BlockModule dependencies initialized","timestamp":"2024-09-26T14:54:16.337Z"}
{"level":"info","message":"TxModule dependencies initialized","timestamp":"2024-09-26T14:54:16.337Z"}
{"level":"info","message":"RouterModule dependencies initialized","timestamp":"2024-09-26T14:54:16.337Z"}
{"level":"info","message":"UtilModule dependencies initialized","timestamp":"2024-09-26T14:54:16.339Z"}
{"level":"info","message":"QueueModule dependencies initialized","timestamp":"2024-09-26T14:54:16.339Z"}
{"level":"info","message":"AppModule dependencies initialized","timestamp":"2024-09-26T14:54:16.340Z"}
{"level":"info","message":"HttpTransportModule dependencies initialized","timestamp":"2024-09-26T14:54:16.340Z"}
{"level":"info","message":"HealthController {/health}:","timestamp":"2024-09-26T14:54:16.356Z"}
{"level":"info","message":"Mapped {/health, GET} route","timestamp":"2024-09-26T14:54:16.358Z"}
{"level":"info","message":"JsonRpcController {/rpc}:","timestamp":"2024-09-26T14:54:16.358Z"}
{"level":"info","message":"Mapped {/rpc, POST} route","timestamp":"2024-09-26T14:54:16.359Z"}
{"level":"info","message":"Nest application successfully started","timestamp":"2024-09-26T14:54:23.090Z"}
{"level":"info","message":"Starting Nest application...","timestamp":"2024-09-26T14:59:00.063Z"}
{"level":"info","message":"PrismaModule dependencies initialized","timestamp":"2024-09-26T14:59:00.424Z"}
{"level":"info","message":"ArchiveModule dependencies initialized","timestamp":"2024-09-26T14:59:00.425Z"}
{"level":"info","message":"ValidatorModule dependencies initialized","timestamp":"2024-09-26T14:59:00.426Z"}
{"level":"info","message":"NestjsJsonRpcModule dependencies initialized","timestamp":"2024-09-26T14:59:00.426Z"}
{"level":"info","message":"BlockModule dependencies initialized","timestamp":"2024-09-26T14:59:00.442Z"}
{"level":"info","message":"TxModule dependencies initialized","timestamp":"2024-09-26T14:59:00.443Z"}
{"level":"info","message":"RouterModule dependencies initialized","timestamp":"2024-09-26T14:59:00.443Z"}
{"level":"info","message":"UtilModule dependencies initialized","timestamp":"2024-09-26T14:59:00.444Z"}
{"level":"info","message":"QueueModule dependencies initialized","timestamp":"2024-09-26T14:59:00.444Z"}
{"level":"info","message":"AppModule dependencies initialized","timestamp":"2024-09-26T14:59:00.444Z"}
{"level":"info","message":"HttpTransportModule dependencies initialized","timestamp":"2024-09-26T14:59:00.445Z"}
{"level":"info","message":"HealthController {/health}:","timestamp":"2024-09-26T14:59:00.462Z"}
{"level":"info","message":"Mapped {/health, GET} route","timestamp":"2024-09-26T14:59:00.463Z"}
{"level":"info","message":"JsonRpcController {/rpc}:","timestamp":"2024-09-26T14:59:00.463Z"}
{"level":"info","message":"Mapped {/rpc, POST} route","timestamp":"2024-09-26T14:59:00.464Z"}
{"level":"info","message":"Nest application successfully started","timestamp":"2024-09-26T14:59:07.270Z"}
{"level":"info","message":"Starting Nest application...","timestamp":"2024-09-26T15:01:52.211Z"}
{"level":"info","message":"PrismaModule dependencies initialized","timestamp":"2024-09-26T15:01:52.567Z"}
{"level":"info","message":"ArchiveModule dependencies initialized","timestamp":"2024-09-26T15:01:52.567Z"}
{"level":"info","message":"ValidatorModule dependencies initialized","timestamp":"2024-09-26T15:01:52.568Z"}
{"level":"info","message":"NestjsJsonRpcModule dependencies initialized","timestamp":"2024-09-26T15:01:52.568Z"}
{"level":"info","message":"BlockModule dependencies initialized","timestamp":"2024-09-26T15:01:52.578Z"}
{"level":"info","message":"TxModule dependencies initialized","timestamp":"2024-09-26T15:01:52.579Z"}
{"level":"info","message":"RouterModule dependencies initialized","timestamp":"2024-09-26T15:01:52.579Z"}
{"level":"info","message":"UtilModule dependencies initialized","timestamp":"2024-09-26T15:01:52.581Z"}
{"level":"info","message":"QueueModule dependencies initialized","timestamp":"2024-09-26T15:01:52.582Z"}
{"level":"info","message":"AppModule dependencies initialized","timestamp":"2024-09-26T15:01:52.583Z"}
{"level":"info","message":"HttpTransportModule dependencies initialized","timestamp":"2024-09-26T15:01:52.583Z"}
{"level":"info","message":"HealthController {/health}:","timestamp":"2024-09-26T15:01:52.608Z"}
{"level":"info","message":"Mapped {/health, GET} route","timestamp":"2024-09-26T15:01:52.610Z"}
{"level":"info","message":"JsonRpcController {/rpc}:","timestamp":"2024-09-26T15:01:52.611Z"}
{"level":"info","message":"Mapped {/rpc, POST} route","timestamp":"2024-09-26T15:01:52.612Z"}
{"level":"info","message":"Nest application successfully started","timestamp":"2024-09-26T15:01:59.447Z"}
{"level":"info","message":"Starting Nest application...","timestamp":"2024-09-26T15:38:39.029Z"}
{"level":"info","message":"PrismaModule dependencies initialized","timestamp":"2024-09-26T15:38:39.389Z"}
{"level":"info","message":"ArchiveModule dependencies initialized","timestamp":"2024-09-26T15:38:39.389Z"}
{"level":"info","message":"ValidatorModule dependencies initialized","timestamp":"2024-09-26T15:38:39.390Z"}
{"level":"info","message":"NestjsJsonRpcModule dependencies initialized","timestamp":"2024-09-26T15:38:39.390Z"}
{"level":"info","message":"BlockModule dependencies initialized","timestamp":"2024-09-26T15:38:39.402Z"}
{"level":"info","message":"TxModule dependencies initialized","timestamp":"2024-09-26T15:38:39.402Z"}
{"level":"info","message":"RouterModule dependencies initialized","timestamp":"2024-09-26T15:38:39.402Z"}
{"level":"info","message":"UtilModule dependencies initialized","timestamp":"2024-09-26T15:38:39.403Z"}
{"level":"info","message":"QueueModule dependencies initialized","timestamp":"2024-09-26T15:38:39.404Z"}
{"level":"info","message":"AppModule dependencies initialized","timestamp":"2024-09-26T15:38:39.404Z"}
{"level":"info","message":"HttpTransportModule dependencies initialized","timestamp":"2024-09-26T15:38:39.405Z"}
{"level":"info","message":"HealthController {/health}:","timestamp":"2024-09-26T15:38:39.417Z"}
{"level":"info","message":"Mapped {/health, GET} route","timestamp":"2024-09-26T15:38:39.419Z"}
{"level":"info","message":"JsonRpcController {/rpc}:","timestamp":"2024-09-26T15:38:39.420Z"}
{"level":"info","message":"Mapped {/rpc, POST} route","timestamp":"2024-09-26T15:38:39.421Z"}
{"level":"info","message":"Nest application successfully started","timestamp":"2024-09-26T15:38:46.275Z"}
{"level":"info","message":"Starting Nest application...","timestamp":"2024-09-26T16:11:23.994Z"}
{"level":"info","message":"PrismaModule dependencies initialized","timestamp":"2024-09-26T16:11:24.349Z"}
{"level":"info","message":"ArchiveModule dependencies initialized","timestamp":"2024-09-26T16:11:24.349Z"}
{"level":"info","message":"ValidatorModule dependencies initialized","timestamp":"2024-09-26T16:11:24.350Z"}
{"level":"info","message":"NestjsJsonRpcModule dependencies initialized","timestamp":"2024-09-26T16:11:24.350Z"}
{"level":"info","message":"BlockModule dependencies initialized","timestamp":"2024-09-26T16:11:24.368Z"}
{"level":"info","message":"TxModule dependencies initialized","timestamp":"2024-09-26T16:11:24.368Z"}
{"level":"info","message":"RouterModule dependencies initialized","timestamp":"2024-09-26T16:11:24.369Z"}
{"level":"info","message":"UtilModule dependencies initialized","timestamp":"2024-09-26T16:11:24.370Z"}
{"level":"info","message":"QueueModule dependencies initialized","timestamp":"2024-09-26T16:11:24.370Z"}
{"level":"info","message":"AppModule dependencies initialized","timestamp":"2024-09-26T16:11:24.370Z"}
{"level":"info","message":"HttpTransportModule dependencies initialized","timestamp":"2024-09-26T16:11:24.370Z"}
{"level":"info","message":"HealthController {/health}:","timestamp":"2024-09-26T16:11:24.382Z"}
{"level":"info","message":"Mapped {/health, GET} route","timestamp":"2024-09-26T16:11:24.383Z"}
{"level":"info","message":"JsonRpcController {/rpc}:","timestamp":"2024-09-26T16:11:24.383Z"}
{"level":"info","message":"Mapped {/rpc, POST} route","timestamp":"2024-09-26T16:11:24.384Z"}
{"level":"info","message":"Nest application successfully started","timestamp":"2024-09-26T16:11:31.097Z"}
{"level":"info","message":"Starting Nest application...","timestamp":"2024-09-26T16:13:04.716Z"}
{"level":"info","message":"PrismaModule dependencies initialized","timestamp":"2024-09-26T16:13:05.111Z"}
{"level":"info","message":"ArchiveModule dependencies initialized","timestamp":"2024-09-26T16:13:05.112Z"}
{"level":"info","message":"ValidatorModule dependencies initialized","timestamp":"2024-09-26T16:13:05.113Z"}
{"level":"info","message":"NestjsJsonRpcModule dependencies initialized","timestamp":"2024-09-26T16:13:05.114Z"}
{"level":"info","message":"BlockModule dependencies initialized","timestamp":"2024-09-26T16:13:05.148Z"}
{"level":"info","message":"TxModule dependencies initialized","timestamp":"2024-09-26T16:13:05.149Z"}
{"level":"info","message":"RouterModule dependencies initialized","timestamp":"2024-09-26T16:13:05.150Z"}
{"level":"info","message":"UtilModule dependencies initialized","timestamp":"2024-09-26T16:13:05.152Z"}
{"level":"info","message":"QueueModule dependencies initialized","timestamp":"2024-09-26T16:13:05.152Z"}
{"level":"info","message":"AppModule dependencies initialized","timestamp":"2024-09-26T16:13:05.153Z"}
{"level":"info","message":"HttpTransportModule dependencies initialized","timestamp":"2024-09-26T16:13:05.153Z"}
{"level":"info","message":"HealthController {/health}:","timestamp":"2024-09-26T16:13:05.163Z"}
{"level":"info","message":"Mapped {/health, GET} route","timestamp":"2024-09-26T16:13:05.165Z"}
{"level":"info","message":"JsonRpcController {/rpc}:","timestamp":"2024-09-26T16:13:05.165Z"}
{"level":"info","message":"Mapped {/rpc, POST} route","timestamp":"2024-09-26T16:13:05.165Z"}
{"level":"info","message":"Nest application successfully started","timestamp":"2024-09-26T16:13:12.050Z"}
{"level":"info","message":"Starting Nest application...","timestamp":"2024-09-26T16:26:54.676Z"}
{"level":"info","message":"PrismaModule dependencies initialized","timestamp":"2024-09-26T16:26:55.037Z"}
{"level":"info","message":"ArchiveModule dependencies initialized","timestamp":"2024-09-26T16:26:55.038Z"}
{"level":"info","message":"ValidatorModule dependencies initialized","timestamp":"2024-09-26T16:26:55.038Z"}
{"level":"info","message":"NestjsJsonRpcModule dependencies initialized","timestamp":"2024-09-26T16:26:55.038Z"}
{"level":"info","message":"BlockModule dependencies initialized","timestamp":"2024-09-26T16:26:55.074Z"}
{"level":"info","message":"TxModule dependencies initialized","timestamp":"2024-09-26T16:26:55.075Z"}
{"level":"info","message":"RouterModule dependencies initialized","timestamp":"2024-09-26T16:26:55.075Z"}
{"level":"info","message":"UtilModule dependencies initialized","timestamp":"2024-09-26T16:26:55.076Z"}
{"level":"info","message":"QueueModule dependencies initialized","timestamp":"2024-09-26T16:26:55.077Z"}
{"level":"info","message":"AppModule dependencies initialized","timestamp":"2024-09-26T16:26:55.077Z"}
{"level":"info","message":"HttpTransportModule dependencies initialized","timestamp":"2024-09-26T16:26:55.078Z"}
{"level":"info","message":"HealthController {/health}:","timestamp":"2024-09-26T16:26:55.101Z"}
{"level":"info","message":"Mapped {/health, GET} route","timestamp":"2024-09-26T16:26:55.102Z"}
{"level":"info","message":"JsonRpcController {/rpc}:","timestamp":"2024-09-26T16:26:55.102Z"}
{"level":"info","message":"Mapped {/rpc, POST} route","timestamp":"2024-09-26T16:26:55.103Z"}
{"level":"info","message":"Nest application successfully started","timestamp":"2024-09-26T16:27:02.025Z"}
{"level":"info","message":"Starting Nest application...","timestamp":"2024-09-26T16:27:52.302Z"}
{"level":"info","message":"PrismaModule dependencies initialized","timestamp":"2024-09-26T16:27:52.702Z"}
{"level":"info","message":"ArchiveModule dependencies initialized","timestamp":"2024-09-26T16:27:52.702Z"}
{"level":"info","message":"ValidatorModule dependencies initialized","timestamp":"2024-09-26T16:27:52.703Z"}
{"level":"info","message":"NestjsJsonRpcModule dependencies initialized","timestamp":"2024-09-26T16:27:52.703Z"}
{"level":"info","message":"BlockModule dependencies initialized","timestamp":"2024-09-26T16:27:52.716Z"}
{"level":"info","message":"TxModule dependencies initialized","timestamp":"2024-09-26T16:27:52.716Z"}
{"level":"info","message":"RouterModule dependencies initialized","timestamp":"2024-09-26T16:27:52.717Z"}
{"level":"info","message":"UtilModule dependencies initialized","timestamp":"2024-09-26T16:27:52.718Z"}
{"level":"info","message":"QueueModule dependencies initialized","timestamp":"2024-09-26T16:27:52.718Z"}
{"level":"info","message":"AppModule dependencies initialized","timestamp":"2024-09-26T16:27:52.718Z"}
{"level":"info","message":"HttpTransportModule dependencies initialized","timestamp":"2024-09-26T16:27:52.718Z"}
{"level":"info","message":"HealthController {/health}:","timestamp":"2024-09-26T16:27:52.730Z"}
{"level":"info","message":"Mapped {/health, GET} route","timestamp":"2024-09-26T16:27:52.731Z"}
{"level":"info","message":"JsonRpcController {/rpc}:","timestamp":"2024-09-26T16:27:52.732Z"}
{"level":"info","message":"Mapped {/rpc, POST} route","timestamp":"2024-09-26T16:27:52.732Z"}
{"level":"info","message":"Nest application successfully started","timestamp":"2024-09-26T16:27:59.476Z"}
